{"uid":"d9f492d8c5490526","name":"test_the_tests","fullName":"tests.test_demo#test_the_tests","historyId":"4db9caae8ef7326232c323be69d7c921","time":{"start":1657742529712,"stop":1657742529712,"duration":0},"status":"failed","statusMessage":"AssertionError: assert 2 == 3","statusTrace":"def test_the_tests():\n      print(\"Corriendo test de prueba...\")\n      assert True\n    \n>     assert 2==3\nE     assert 2 == 3\n\ntests/test_demo.py:9: AssertionError","flaky":false,"newFailed":false,"newBroken":false,"newPassed":false,"retriesCount":0,"retriesStatusChange":false,"beforeStages":[],"testStage":{"status":"failed","statusMessage":"AssertionError: assert 2 == 3","statusTrace":"def test_the_tests():\n      print(\"Corriendo test de prueba...\")\n      assert True\n    \n>     assert 2==3\nE     assert 2 == 3\n\ntests/test_demo.py:9: AssertionError","steps":[],"attachments":[{"uid":"6266814f50235a39","name":"stdout","source":"6266814f50235a39.txt","type":"text/plain","size":28}],"parameters":[],"stepsCount":0,"attachmentsCount":1,"shouldDisplayMessage":true,"hasContent":true},"afterStages":[],"labels":[{"name":"parentSuite","value":"tests"},{"name":"suite","value":"test_demo"},{"name":"host","value":"fv-az371-755"},{"name":"thread","value":"2087-MainThread"},{"name":"framework","value":"pytest"},{"name":"language","value":"cpython3"},{"name":"package","value":"tests.test_demo"},{"name":"resultFormat","value":"allure2"}],"parameters":[],"links":[],"hidden":false,"retry":false,"extra":{"severity":"normal","retries":[],"categories":[{"name":"Product defects","matchedStatuses":[],"flaky":false}],"history":{"statistic":{"failed":3,"broken":0,"skipped":0,"passed":0,"unknown":0,"total":3},"items":[{"uid":"4b4a9418cbf6ae3b","reportUrl":"https://javiermayan.github.io/test-automation-python-practice/20//#testresult/4b4a9418cbf6ae3b","status":"failed","statusDetails":"AssertionError: assert 2 == 3","time":{"start":1657741951648,"stop":1657741951648,"duration":0}},{"uid":"6c3cb921775d6672","reportUrl":"https://javiermayan.github.io/test-automation-python-practice/19//#testresult/6c3cb921775d6672","status":"failed","statusDetails":"AssertionError: assert 2 == 3","time":{"start":1657730708932,"stop":1657730708933,"duration":1}}]},"tags":[]},"source":"d9f492d8c5490526.json","parameterValues":[]}